<?xml version="1.0" encoding="UTF-8"?>
<testng-results ignored="0" total="3" passed="3" failed="0" skipped="0">
  <reporter-output>
    <line>
      <![CDATA[Test executing on Chrome!!]]>
    </line>
    <line>
      <![CDATA[Test executing on Chrome!!]]>
    </line>
    <line>
      <![CDATA[Test executing on Chrome!!]]>
    </line>
    <line>
      <![CDATA[Driver session established with server!!]]>
    </line>
    <line>
      <![CDATA[Test executing for Amazon application!!]]>
    </line>
    <line>
      <![CDATA[Driver session established with server!!]]>
    </line>
    <line>
      <![CDATA[Test executing on Chrome Completed!!]]>
    </line>
    <line>
      <![CDATA[Test executing on Edge Completed!!]]>
    </line>
    <line>
      <![CDATA[Test executing on Firefox Completed!!]]>
    </line>
    <line>
      <![CDATA[Driver session established with server!!]]>
    </line>
    <line>
      <![CDATA[Test executing for Amazon application!!]]>
    </line>
    <line>
      <![CDATA[Test executing on Chrome Completed!!]]>
    </line>
    <line>
      <![CDATA[Test executing on Edge Completed!!]]>
    </line>
    <line>
      <![CDATA[Test executing on Firefox Completed!!]]>
    </line>
    <line>
      <![CDATA[Test executing for Amazon application!!]]>
    </line>
    <line>
      <![CDATA[Test executing on Chrome Completed!!]]>
    </line>
    <line>
      <![CDATA[Test executing on Edge Completed!!]]>
    </line>
    <line>
      <![CDATA[Test executing on Firefox Completed!!]]>
    </line>
  </reporter-output>
  <suite started-at="2024-04-04T17:22:26 IST" name="Suite" finished-at="2024-04-04T17:24:37 IST" duration-ms="131335">
    <groups>
    </groups>
    <test started-at="2024-04-04T17:22:26 IST" name="Test1" finished-at="2024-04-04T17:23:37 IST" duration-ms="71733">
      <class name="SeleniumGrid.CrossBrowserTest">
        <test-method signature="broweserTest(java.lang.String)[pri:0, instance:SeleniumGrid.CrossBrowserTest@2a798d51]" started-at="2024-04-04T17:22:26 IST" name="broweserTest" finished-at="2024-04-04T17:23:37 IST" duration-ms="71603" status="PASS">
          <params>
            <param index="0">
              <value>
                <![CDATA[Chrome]]>
              </value>
            </param>
          </params>
          <reporter-output>
            <line>
              <![CDATA[Test executing on Chrome!!]]>
            </line>
            <line>
              <![CDATA[Driver session established with server!!]]>
            </line>
            <line>
              <![CDATA[Test executing for Amazon application!!]]>
            </line>
            <line>
              <![CDATA[Test executing on Chrome Completed!!]]>
            </line>
            <line>
              <![CDATA[Test executing on Edge Completed!!]]>
            </line>
            <line>
              <![CDATA[Test executing on Firefox Completed!!]]>
            </line>
          </reporter-output>
        </test-method> <!-- broweserTest -->
      </class> <!-- SeleniumGrid.CrossBrowserTest -->
    </test> <!-- Test1 -->
    <test started-at="2024-04-04T17:22:26 IST" name="Test2" finished-at="2024-04-04T17:24:25 IST" duration-ms="119518">
      <class name="SeleniumGrid.CrossBrowserTest">
        <test-method signature="broweserTest(java.lang.String)[pri:0, instance:SeleniumGrid.CrossBrowserTest@7cc0cdad]" started-at="2024-04-04T17:22:26 IST" name="broweserTest" finished-at="2024-04-04T17:24:25 IST" duration-ms="119418" status="PASS">
          <params>
            <param index="0">
              <value>
                <![CDATA[edge]]>
              </value>
            </param>
          </params>
          <reporter-output>
            <line>
              <![CDATA[Test executing on Chrome!!]]>
            </line>
            <line>
              <![CDATA[Driver session established with server!!]]>
            </line>
            <line>
              <![CDATA[Test executing for Amazon application!!]]>
            </line>
            <line>
              <![CDATA[Test executing on Chrome Completed!!]]>
            </line>
            <line>
              <![CDATA[Test executing on Edge Completed!!]]>
            </line>
            <line>
              <![CDATA[Test executing on Firefox Completed!!]]>
            </line>
          </reporter-output>
        </test-method> <!-- broweserTest -->
      </class> <!-- SeleniumGrid.CrossBrowserTest -->
    </test> <!-- Test2 -->
    <test started-at="2024-04-04T17:22:26 IST" name="Test3" finished-at="2024-04-04T17:24:37 IST" duration-ms="131312">
      <class name="SeleniumGrid.CrossBrowserTest">
        <test-method signature="broweserTest(java.lang.String)[pri:0, instance:SeleniumGrid.CrossBrowserTest@368f2016]" started-at="2024-04-04T17:22:26 IST" name="broweserTest" finished-at="2024-04-04T17:24:37 IST" duration-ms="131237" status="PASS">
          <params>
            <param index="0">
              <value>
                <![CDATA[firefox]]>
              </value>
            </param>
          </params>
          <reporter-output>
            <line>
              <![CDATA[Test executing on Chrome!!]]>
            </line>
            <line>
              <![CDATA[Driver session established with server!!]]>
            </line>
            <line>
              <![CDATA[Test executing for Amazon application!!]]>
            </line>
            <line>
              <![CDATA[Test executing on Chrome Completed!!]]>
            </line>
            <line>
              <![CDATA[Test executing on Edge Completed!!]]>
            </line>
            <line>
              <![CDATA[Test executing on Firefox Completed!!]]>
            </line>
          </reporter-output>
        </test-method> <!-- broweserTest -->
      </class> <!-- SeleniumGrid.CrossBrowserTest -->
    </test> <!-- Test3 -->
  </suite> <!-- Suite -->
</testng-results>
